0 info it worked if it ends with ok
1 verbose cli [ 'node', '/usr/local/bin/npm', 'publish' ]
2 info using npm@1.3.14
3 info using node@v0.10.15
4 verbose node symlink /usr/bin/node
5 verbose publish [ '.' ]
6 verbose cache add [ '.', null ]
7 verbose cache add name=undefined spec="." args=[".",null]
8 verbose parsed url { protocol: null,
8 verbose parsed url   slashes: null,
8 verbose parsed url   auth: null,
8 verbose parsed url   host: null,
8 verbose parsed url   port: null,
8 verbose parsed url   hostname: null,
8 verbose parsed url   hash: null,
8 verbose parsed url   search: null,
8 verbose parsed url   query: null,
8 verbose parsed url   pathname: '.',
8 verbose parsed url   path: '.',
8 verbose parsed url   href: '.' }
9 silly lockFile 3a52ce78- .
10 verbose lock . /home/csbrandt/.npm/3a52ce78-.lock
11 verbose tar pack [ '/home/csbrandt/tmp/npm-4950-8zH4YdJp/1393702232183-0.1566388865467161/tmp.tgz',
11 verbose tar pack   '.' ]
12 verbose tarball /home/csbrandt/tmp/npm-4950-8zH4YdJp/1393702232183-0.1566388865467161/tmp.tgz
13 verbose folder .
14 info prepublish wgs84-util@0.0.3
15 silly lockFile 1f1177db-tar tar://.
16 verbose lock tar://. /home/csbrandt/.npm/1f1177db-tar.lock
17 silly lockFile 08fecc45-32183-0-1566388865467161-tmp-tgz tar:///home/csbrandt/tmp/npm-4950-8zH4YdJp/1393702232183-0.1566388865467161/tmp.tgz
18 verbose lock tar:///home/csbrandt/tmp/npm-4950-8zH4YdJp/1393702232183-0.1566388865467161/tmp.tgz /home/csbrandt/.npm/08fecc45-32183-0-1566388865467161-tmp-tgz.lock
19 silly lockFile 1f1177db-tar tar://.
20 silly lockFile 1f1177db-tar tar://.
21 silly lockFile 08fecc45-32183-0-1566388865467161-tmp-tgz tar:///home/csbrandt/tmp/npm-4950-8zH4YdJp/1393702232183-0.1566388865467161/tmp.tgz
22 silly lockFile 08fecc45-32183-0-1566388865467161-tmp-tgz tar:///home/csbrandt/tmp/npm-4950-8zH4YdJp/1393702232183-0.1566388865467161/tmp.tgz
23 verbose tar unpack /home/csbrandt/tmp/npm-4950-8zH4YdJp/1393702232183-0.1566388865467161/tmp.tgz
24 silly lockFile 90cc6c3e-32183-0-1566388865467161-package tar:///home/csbrandt/tmp/npm-4950-8zH4YdJp/1393702232183-0.1566388865467161/package
25 verbose lock tar:///home/csbrandt/tmp/npm-4950-8zH4YdJp/1393702232183-0.1566388865467161/package /home/csbrandt/.npm/90cc6c3e-32183-0-1566388865467161-package.lock
26 silly lockFile 08fecc45-32183-0-1566388865467161-tmp-tgz tar:///home/csbrandt/tmp/npm-4950-8zH4YdJp/1393702232183-0.1566388865467161/tmp.tgz
27 verbose lock tar:///home/csbrandt/tmp/npm-4950-8zH4YdJp/1393702232183-0.1566388865467161/tmp.tgz /home/csbrandt/.npm/08fecc45-32183-0-1566388865467161-tmp-tgz.lock
28 silly gunzTarPerm modes [ '755', '644' ]
29 silly gunzTarPerm extractEntry package.json
30 silly gunzTarPerm extractEntry .npmignore
31 silly gunzTarPerm modified mode [ '.npmignore', 438, 420 ]
32 silly gunzTarPerm extractEntry README.md
33 silly gunzTarPerm modified mode [ 'README.md', 438, 420 ]
34 silly gunzTarPerm extractEntry index.js
35 silly gunzTarPerm modified mode [ 'index.js', 438, 420 ]
36 silly gunzTarPerm extractEntry Makefile
37 silly gunzTarPerm modified mode [ 'Makefile', 438, 420 ]
38 silly gunzTarPerm extractEntry test/tests.js
39 silly gunzTarPerm modified mode [ 'test/tests.js', 438, 420 ]
40 silly lockFile 90cc6c3e-32183-0-1566388865467161-package tar:///home/csbrandt/tmp/npm-4950-8zH4YdJp/1393702232183-0.1566388865467161/package
41 silly lockFile 90cc6c3e-32183-0-1566388865467161-package tar:///home/csbrandt/tmp/npm-4950-8zH4YdJp/1393702232183-0.1566388865467161/package
42 silly lockFile 08fecc45-32183-0-1566388865467161-tmp-tgz tar:///home/csbrandt/tmp/npm-4950-8zH4YdJp/1393702232183-0.1566388865467161/tmp.tgz
43 silly lockFile 08fecc45-32183-0-1566388865467161-tmp-tgz tar:///home/csbrandt/tmp/npm-4950-8zH4YdJp/1393702232183-0.1566388865467161/tmp.tgz
44 verbose tar pack [ '/home/csbrandt/.npm/wgs84-util/0.0.3/package.tgz',
44 verbose tar pack   '/home/csbrandt/tmp/npm-4950-8zH4YdJp/1393702232183-0.1566388865467161/package' ]
45 verbose tarball /home/csbrandt/.npm/wgs84-util/0.0.3/package.tgz
46 verbose folder /home/csbrandt/tmp/npm-4950-8zH4YdJp/1393702232183-0.1566388865467161/package
47 silly lockFile 90cc6c3e-32183-0-1566388865467161-package tar:///home/csbrandt/tmp/npm-4950-8zH4YdJp/1393702232183-0.1566388865467161/package
48 verbose lock tar:///home/csbrandt/tmp/npm-4950-8zH4YdJp/1393702232183-0.1566388865467161/package /home/csbrandt/.npm/90cc6c3e-32183-0-1566388865467161-package.lock
49 silly lockFile b8424466-npm-wgs84-util-0-0-3-package-tgz tar:///home/csbrandt/.npm/wgs84-util/0.0.3/package.tgz
50 verbose lock tar:///home/csbrandt/.npm/wgs84-util/0.0.3/package.tgz /home/csbrandt/.npm/b8424466-npm-wgs84-util-0-0-3-package-tgz.lock
51 silly lockFile 90cc6c3e-32183-0-1566388865467161-package tar:///home/csbrandt/tmp/npm-4950-8zH4YdJp/1393702232183-0.1566388865467161/package
52 silly lockFile 90cc6c3e-32183-0-1566388865467161-package tar:///home/csbrandt/tmp/npm-4950-8zH4YdJp/1393702232183-0.1566388865467161/package
53 silly lockFile b8424466-npm-wgs84-util-0-0-3-package-tgz tar:///home/csbrandt/.npm/wgs84-util/0.0.3/package.tgz
54 silly lockFile b8424466-npm-wgs84-util-0-0-3-package-tgz tar:///home/csbrandt/.npm/wgs84-util/0.0.3/package.tgz
55 silly lockFile 530f7af5-ndt-npm-wgs84-util-0-0-3-package /home/csbrandt/.npm/wgs84-util/0.0.3/package
56 verbose lock /home/csbrandt/.npm/wgs84-util/0.0.3/package /home/csbrandt/.npm/530f7af5-ndt-npm-wgs84-util-0-0-3-package.lock
57 silly lockFile 530f7af5-ndt-npm-wgs84-util-0-0-3-package /home/csbrandt/.npm/wgs84-util/0.0.3/package
58 silly lockFile 530f7af5-ndt-npm-wgs84-util-0-0-3-package /home/csbrandt/.npm/wgs84-util/0.0.3/package
59 verbose tar unpack /home/csbrandt/.npm/wgs84-util/0.0.3/package.tgz
60 silly lockFile de64d6f5-ndt-npm-wgs84-util-0-0-3-package tar:///home/csbrandt/.npm/wgs84-util/0.0.3/package
61 verbose lock tar:///home/csbrandt/.npm/wgs84-util/0.0.3/package /home/csbrandt/.npm/de64d6f5-ndt-npm-wgs84-util-0-0-3-package.lock
62 silly lockFile b8424466-npm-wgs84-util-0-0-3-package-tgz tar:///home/csbrandt/.npm/wgs84-util/0.0.3/package.tgz
63 verbose lock tar:///home/csbrandt/.npm/wgs84-util/0.0.3/package.tgz /home/csbrandt/.npm/b8424466-npm-wgs84-util-0-0-3-package-tgz.lock
64 silly gunzTarPerm modes [ '755', '644' ]
65 silly gunzTarPerm extractEntry package.json
66 silly gunzTarPerm extractEntry .npmignore
67 silly gunzTarPerm extractEntry README.md
68 silly gunzTarPerm extractEntry index.js
69 silly gunzTarPerm extractEntry Makefile
70 silly gunzTarPerm extractEntry test/tests.js
71 silly lockFile de64d6f5-ndt-npm-wgs84-util-0-0-3-package tar:///home/csbrandt/.npm/wgs84-util/0.0.3/package
72 silly lockFile de64d6f5-ndt-npm-wgs84-util-0-0-3-package tar:///home/csbrandt/.npm/wgs84-util/0.0.3/package
73 silly lockFile b8424466-npm-wgs84-util-0-0-3-package-tgz tar:///home/csbrandt/.npm/wgs84-util/0.0.3/package.tgz
74 silly lockFile b8424466-npm-wgs84-util-0-0-3-package-tgz tar:///home/csbrandt/.npm/wgs84-util/0.0.3/package.tgz
75 verbose chmod /home/csbrandt/.npm/wgs84-util/0.0.3/package.tgz 644
76 verbose chown /home/csbrandt/.npm/wgs84-util/0.0.3/package.tgz [ 1000, 1000 ]
77 silly lockFile 3a52ce78- .
78 silly lockFile 3a52ce78- .
79 silly publish { name: 'wgs84-util',
79 silly publish   version: '0.0.3',
79 silly publish   description: 'Geographic coordinate utilities using WGS84 datum',
79 silly publish   main: 'index.js',
79 silly publish   repository: { url: 'https://github.com/csbrandt/WGS84Util.git' },
79 silly publish   scripts: { test: 'make test' },
79 silly publish   author: { name: 'csbrandt' },
79 silly publish   license: 'MIT',
79 silly publish   keywords: [ 'wgs84', 'geodesy', 'ellipsoid', 'UTM' ],
79 silly publish   devDependencies: { mocha: '~1.17.1' },
79 silly publish   readme: 'Geographic coordinate utilities using WGS84 datum\n\nInstallation\n-------------\n    $ npm install wgs84-util\n\nMethods\n--------\n    distanceBetween(coordA, coordB)\n> From: Haversine formula - RW Sinnott, "Virtues of the Haversine",\n> Sky and Telescope, vol 68, no 2, 1984\n\n\n> **Parameters**\n\n> **coordA**:  *object*,  \n\n\n> **coordB**:  *object*,  \n\n\n> **Returns**\n\n> *number*,  the distance from this point to the supplied point, in km\n\n    degToRad(deg)\n> Conversion from degrees to radians.\n\n\n> **Parameters**\n\n> **deg**:  *number*,  the angle in degrees.\n\n> **Returns**\n\n> *number*,  the angle in radians.\n\n    radToDeg(rad)\n\n> Conversion from radians to degrees.\n\n> **Parameters**\n\n> **rad**:  *number*,  the angle in radians.\n\n> **Returns**\n\n> *number*,  the angle in degrees.\n\n    LLtoUTM(ll)\n\n> Converts a set of Longitude and Latitude co-ordinates to UTM\n> using the WGS84 ellipsoid.\n\n> representing the WGS84 coordinate to be converted.\n> northing, zoneNumber and zoneLetter properties, and an optional\n> accuracy property in digits. Returns null if the conversion failed.\n\n> **Parameters**\n> **ll**:  *object*,  Object literal with lat and lon properties\n\n> **Returns**\n\n> *object*,  Object literal containing the UTM value with easting,\n\n    UTMtoLL(utm)\n> Converts UTM coords to lat/long, using the WGS84 ellipsoid. This is a convenience\n> class where the Zone can be specified as a single string eg."60N" which\n> is then broken down into the ZoneNumber and ZoneLetter.\n\n> and zoneLetter properties. If an optional accuracy property is\n> provided (in meters), a bounding box will be returned instead of\n> latitude and longitude.\n> (if no accuracy was provided), or top, right, bottom and left values\n> for the bounding box calculated according to the provided accuracy.\n> Returns null if the conversion failed.\n\n\n> **Parameters**\n\n> **utm**:  *object*,  An object literal with northing, easting, zoneNumber\n\n> **Returns**\n\n> *object*,  An object literal containing either lat and lon values\n\n\nRunning Tests\n--------------\nInstall the development dependencies:\n\n    $ npm install\n\nThen run the tests:\n\n    $ npm test\n\n\n## License\n\nCopyright (c) 2013 Christopher Brandt\n\nPermission is hereby granted, free of charge, to any person obtaining a copy of this software and associated documentation files (the "Software"), to deal in the Software without restriction, including without limitation the rights to use, copy, modify, merge, publish, distribute, sublicense, and/or sell copies of the Software, and to permit persons to whom the Software is furnished to do so, subject to the following conditions:\n\nThe above copyright notice and this permission notice shall be included in all copies or substantial portions of the Software.\n\nTHE SOFTWARE IS PROVIDED "AS IS", WITHOUT WARRANTY OF ANY KIND, EXPRESS OR IMPLIED, INCLUDING BUT NOT LIMITED TO THE WARRANTIES OF MERCHANTABILITY, FITNESS FOR A PARTICULAR PURPOSE AND NONINFRINGEMENT. IN NO EVENT SHALL THE AUTHORS OR COPYRIGHT HOLDERS BE LIABLE FOR ANY CLAIM, DAMAGES OR OTHER LIABILITY, WHETHER IN AN ACTION OF CONTRACT, TORT OR OTHERWISE, ARISING FROM, OUT OF OR IN CONNECTION WITH THE SOFTWARE OR THE USE OR OTHER DEALINGS IN THE SOFTWARE.',
79 silly publish   readmeFilename: 'README.md',
79 silly publish   bugs: { url: 'https://github.com/csbrandt/WGS84Util/issues' },
79 silly publish   homepage: 'https://github.com/csbrandt/WGS84Util',
79 silly publish   _id: 'wgs84-util@0.0.3',
79 silly publish   dist: { shasum: 'ed72327c59a114893b2e071ef0c8552da76db449' },
79 silly publish   _from: '.' }
80 verbose url raw wgs84-util
81 verbose url resolving [ 'https://registry.npmjs.org/', './wgs84-util' ]
82 verbose url resolved https://registry.npmjs.org/wgs84-util
83 info trying registry request attempt 1 at 11:30:32
84 http PUT https://registry.npmjs.org/wgs84-util
85 http 201 https://registry.npmjs.org/wgs84-util
86 verbose url raw wgs84-util
87 verbose url resolving [ 'https://registry.npmjs.org/', './wgs84-util' ]
88 verbose url resolved https://registry.npmjs.org/wgs84-util
89 info trying registry request attempt 1 at 11:30:32
90 http GET https://registry.npmjs.org/wgs84-util
91 http 200 https://registry.npmjs.org/wgs84-util
92 error publish fail Cannot publish over existing version.
92 error publish fail Update the 'version' field in package.json and try again.
92 error publish fail
92 error publish fail If the previous version was published in error, see:
92 error publish fail     npm help unpublish
92 error publish fail
92 error publish fail To automatically increment version numbers, see:
92 error publish fail     npm help version
93 error System Linux 3.11.0-17-generic
94 error command "node" "/usr/local/bin/npm" "publish"
95 error cwd /home/csbrandt/projects/WGS84Util
96 error node -v v0.10.15
97 error npm -v 1.3.14
98 error code EPUBLISHCONFLICT
99 verbose exit [ 1, true ]
